<?xml version="1.0" encoding="UTF-8"?>
<testng-results ignored="0" total="1" passed="1" failed="0" skipped="0">
  <reporter-output>
  </reporter-output>
  <suite started-at="2025-08-04T11:38:00 WEST" name="Default suite" finished-at="2025-08-04T11:38:14 WEST" duration-ms="14126">
    <groups>
    </groups>
    <test started-at="2025-08-04T11:38:00 WEST" name="Default test" finished-at="2025-08-04T11:38:14 WEST" duration-ms="14126">
      <class name="Onlineshopping.Onlineshopping.CreateAccountTest">
        <test-method is-config="true" signature="setup()[pri:0, instance:Onlineshopping.Onlineshopping.CreateAccountTest@5b12b668]" started-at="2025-08-04T11:38:00 WEST" name="setup" finished-at="2025-08-04T11:38:04 WEST" duration-ms="4257" status="PASS">
          <reporter-output>
          </reporter-output>
        </test-method> <!-- setup -->
        <test-method signature="testCreateAccount()[pri:0, instance:Onlineshopping.Onlineshopping.CreateAccountTest@5b12b668]" started-at="2025-08-04T11:38:04 WEST" name="testCreateAccount" finished-at="2025-08-04T11:38:14 WEST" duration-ms="9474" status="PASS">
          <reporter-output>
          </reporter-output>
        </test-method> <!-- testCreateAccount -->
        <test-method is-config="true" signature="tearDown()[pri:0, instance:Onlineshopping.Onlineshopping.CreateAccountTest@5b12b668]" started-at="2025-08-04T11:38:14 WEST" name="tearDown" finished-at="2025-08-04T11:38:14 WEST" duration-ms="347" status="PASS">
          <reporter-output>
          </reporter-output>
        </test-method> <!-- tearDown -->
      </class> <!-- Onlineshopping.Onlineshopping.CreateAccountTest -->
    </test> <!-- Default test -->
  </suite> <!-- Default suite -->
</testng-results>
